TN:
SF:src/Notas/Note.ts
FN:12,(anonymous_0)
FN:19,(anonymous_1)
FN:26,(anonymous_2)
FN:33,(anonymous_3)
FN:40,(anonymous_4)
FN:48,(anonymous_5)
FNF:6
FNH:6
FNDA:6,(anonymous_0)
FNDA:1,(anonymous_1)
FNDA:1,(anonymous_2)
FNDA:1,(anonymous_3)
FNDA:1,(anonymous_4)
FNDA:1,(anonymous_5)
DA:4,1
DA:12,6
DA:13,6
DA:20,1
DA:27,1
DA:34,1
DA:41,1
DA:49,1
LF:8
LH:8
BRF:0
BRH:0
end_of_record
TN:
SF:src/Notas/NoteManager.ts
FN:8,(anonymous_0)
FN:16,(anonymous_1)
FN:18,(anonymous_2)
FN:20,(anonymous_3)
FN:23,(anonymous_4)
FN:32,(anonymous_5)
FN:41,(anonymous_6)
FN:61,(anonymous_7)
FN:65,(anonymous_8)
FN:70,(anonymous_9)
FN:78,(anonymous_10)
FN:81,(anonymous_11)
FN:92,(anonymous_12)
FN:110,(anonymous_13)
FN:113,(anonymous_14)
FN:130,(anonymous_15)
FN:133,(anonymous_16)
FN:149,(anonymous_17)
FN:151,(anonymous_18)
FN:158,(anonymous_19)
FN:159,(anonymous_20)
FNF:21
FNH:19
FNDA:1,(anonymous_0)
FNDA:2,(anonymous_1)
FNDA:2,(anonymous_2)
FNDA:0,(anonymous_3)
FNDA:0,(anonymous_4)
FNDA:1,(anonymous_5)
FNDA:1,(anonymous_6)
FNDA:4,(anonymous_7)
FNDA:2,(anonymous_8)
FNDA:2,(anonymous_9)
FNDA:1,(anonymous_10)
FNDA:1,(anonymous_11)
FNDA:1,(anonymous_12)
FNDA:2,(anonymous_13)
FNDA:1,(anonymous_14)
FNDA:2,(anonymous_15)
FNDA:1,(anonymous_16)
FNDA:3,(anonymous_17)
FNDA:3,(anonymous_18)
FNDA:1,(anonymous_19)
FNDA:1,(anonymous_20)
DA:1,1
DA:2,1
DA:8,1
DA:16,1
DA:18,2
DA:19,2
DA:20,0
DA:21,0
DA:23,0
DA:24,0
DA:25,0
DA:27,0
DA:31,2
DA:32,2
DA:33,1
DA:34,1
DA:37,2
DA:38,1
DA:39,1
DA:41,1
DA:42,1
DA:43,0
DA:45,1
DA:61,1
DA:63,4
DA:64,3
DA:65,2
DA:66,2
DA:67,0
DA:69,2
DA:70,2
DA:71,2
DA:72,1
DA:75,2
DA:76,1
DA:78,1
DA:79,1
DA:81,1
DA:82,1
DA:83,0
DA:85,1
DA:92,1
DA:93,1
DA:94,0
DA:96,1
DA:101,1
DA:110,1
DA:112,2
DA:113,1
DA:114,1
DA:115,0
DA:117,1
DA:121,1
DA:130,1
DA:132,2
DA:133,1
DA:134,1
DA:135,0
DA:137,1
DA:141,1
DA:149,1
DA:151,3
DA:152,3
DA:153,1
DA:154,2
DA:155,1
DA:157,1
DA:158,1
DA:159,1
DA:160,1
DA:161,0
DA:163,1
DA:164,1
DA:165,1
LF:74
LH:61
BRDA:19,0,0,0
BRDA:19,0,1,2
BRDA:21,1,0,0
BRDA:21,1,1,0
BRDA:24,2,0,0
BRDA:24,2,1,0
BRDA:33,3,0,1
BRDA:33,3,1,0
BRDA:37,4,0,1
BRDA:37,4,1,1
BRDA:42,5,0,0
BRDA:42,5,1,1
BRDA:63,6,0,3
BRDA:63,6,1,1
BRDA:64,7,0,2
BRDA:64,7,1,1
BRDA:66,8,0,0
BRDA:66,8,1,2
BRDA:71,9,0,1
BRDA:71,9,1,1
BRDA:75,10,0,1
BRDA:75,10,1,1
BRDA:79,11,0,0
BRDA:79,11,1,1
BRDA:82,12,0,0
BRDA:82,12,1,1
BRDA:93,13,0,0
BRDA:93,13,1,1
BRDA:112,14,0,1
BRDA:112,14,1,1
BRDA:114,15,0,0
BRDA:114,15,1,1
BRDA:132,16,0,1
BRDA:132,16,1,1
BRDA:134,17,0,0
BRDA:134,17,1,1
BRDA:152,18,0,1
BRDA:152,18,1,2
BRDA:154,19,0,1
BRDA:154,19,1,1
BRDA:160,20,0,0
BRDA:160,20,1,1
BRDA:164,21,0,1
BRDA:164,21,1,0
BRF:44
BRH:29
end_of_record
